#
# There is insufficient memory for the Java Runtime Environment to continue.
# Native memory allocation (malloc) failed to allocate 1047136 bytes for Chunk::new
# Possible reasons:
#   The system is out of physical RAM or swap space
#   The process is running with CompressedOops enabled, and the Java Heap may be blocking the growth of the native heap
# Possible solutions:
#   Reduce memory load on the system
#   Increase physical memory or swap space
#   Check if swap backing store is full
#   Decrease Java heap size (-Xmx/-Xms)
#   Decrease number of Java threads
#   Decrease Java thread stack sizes (-Xss)
#   Set larger code cache with -XX:ReservedCodeCacheSize=
#   JVM is running with Unscaled Compressed Oops mode in which the Java heap is
#     placed in the first 4GB address space. The Java Heap base address is the
#     maximum limit for the native heap growth. Please use -XX:HeapBaseMinAddress
#     to set the Java Heap base and to place the Java Heap above 4GB virtual address.
# This output file may be truncated or incomplete.
#
#  Out of Memory Error (allocation.cpp:389), pid=89760, tid=0x0000000000015df8
#
# JRE version: Java(TM) SE Runtime Environment (8.0_241-b07) (build 1.8.0_241-b07)
# Java VM: Java HotSpot(TM) 64-Bit Server VM (25.241-b07 mixed mode windows-amd64 compressed oops)
# Failed to write core dump. Minidumps are not enabled by default on client versions of Windows
#

---------------  T H R E A D  ---------------

Current thread (0x0000000016f7b000):  JavaThread "C2 CompilerThread1" daemon [_thread_in_native, id=89592, stack(0x0000000017710000,0x0000000017810000)]

Stack: [0x0000000017710000,0x0000000017810000]
[error occurred during error reporting (printing stack bounds), id 0xc0000005]

Native frames: (J=compiled Java code, j=interpreted, Vv=VM code, C=native code)


Current CompileTask:
C2:  11166 2250       4       java.net.URLClassLoader$1::run (5 bytes)


---------------  P R O C E S S  ---------------

Java Threads: ( => current thread )
  0x000000001aa81800 JavaThread "logback-1" daemon [_thread_blocked, id=89664, stack(0x000000001caa0000,0x000000001cba0000)]
  0x000000001ae28800 JavaThread "background-preinit" [_thread_in_native, id=89144, stack(0x000000001b620000,0x000000001b720000)]
  0x00000000164b9800 JavaThread "restartedMain" [_thread_in_Java, id=88840, stack(0x0000000019e80000,0x0000000019f80000)]
  0x0000000019ac9800 JavaThread "Thread-0" [_thread_blocked, id=90044, stack(0x0000000019d80000,0x0000000019e80000)]
  0x0000000016fef800 JavaThread "Service Thread" daemon [_thread_blocked, id=88712, stack(0x0000000017910000,0x0000000017a10000)]
  0x0000000016f7b800 JavaThread "C1 CompilerThread2" daemon [_thread_blocked, id=90068, stack(0x0000000017810000,0x0000000017910000)]
=>0x0000000016f7b000 JavaThread "C2 CompilerThread1" daemon [_thread_in_native, id=89592, stack(0x0000000017710000,0x0000000017810000)]
  0x0000000016f7a000 JavaThread "C2 CompilerThread0" daemon [_thread_blocked, id=88592, stack(0x0000000017610000,0x0000000017710000)]
  0x0000000015102000 JavaThread "JDWP Command Reader" daemon [_thread_in_native, id=88584, stack(0x0000000016d10000,0x0000000016e10000)]
  0x00000000150fe800 JavaThread "JDWP Event Helper Thread" daemon [_thread_blocked, id=89632, stack(0x0000000016c10000,0x0000000016d10000)]
  0x00000000150f2000 JavaThread "JDWP Transport Listener: dt_socket" daemon [_thread_blocked, id=89332, stack(0x0000000016b10000,0x0000000016c10000)]
  0x0000000016453800 JavaThread "Attach Listener" daemon [_thread_blocked, id=90032, stack(0x0000000016910000,0x0000000016a10000)]
  0x00000000150d6800 JavaThread "Signal Dispatcher" daemon [_thread_blocked, id=90056, stack(0x0000000016810000,0x0000000016910000)]
  0x0000000002a9b000 JavaThread "Finalizer" daemon [_thread_blocked, id=89328, stack(0x0000000016310000,0x0000000016410000)]
  0x00000000150aa000 JavaThread "Reference Handler" daemon [_thread_blocked, id=90048, stack(0x0000000016210000,0x0000000016310000)]
  0x00000000029a8000 JavaThread "main" [_thread_blocked, id=89252, stack(0x00000000028a0000,0x00000000029a0000)]

Other Threads:
  0x0000000015088000 VMThread [stack: 0x0000000016110000,0x0000000016210000] [id=75712]
  0x0000000016f75000 WatcherThread [stack: 0x0000000017a10000,0x0000000017b10000] [id=88556]

VM state:not at safepoint (normal execution)

VM Mutex/Monitor currently owned by a thread: None

heap address: 0x00000000c2e00000, size: 978 MB, Compressed Oops mode: 32-bit
Narrow klass base: 0x0000000000000000, Narrow klass shift: 3
Compressed class space size: 1073741824 Address: 0x0000000100000000

Heap:
 PSYoungGen      total 68096K, used 9679K [0x00000000eba00000, 0x00000000f2600000, 0x0000000100000000)
  eden space 62976K, 7% used [0x00000000eba00000,0x00000000ebed4258,0x00000000ef780000)
  from space 5120K, 92% used [0x00000000ef780000,0x00000000efc1fbc0,0x00000000efc80000)
  to   space 7168K, 0% used [0x00000000f1f00000,0x00000000f1f00000,0x00000000f2600000)
 ParOldGen       total 28160K, used 7351K [0x00000000c2e00000, 0x00000000c4980000, 0x00000000eba00000)
  object space 28160K, 26% used [0x00000000c2e00000,0x00000000c352de20,0x00000000c4980000)
 Metaspace       used 25677K, capacity 26348K, committed 26496K, reserved 1073152K
  class space    used 3228K, capacity 3403K, committed 3456K, reserved 1048576K

Card table byte_map: [0x0000000011f60000,0x0000000012150000] byte_map_base: 0x0000000011949000

Marking Bits: (ParMarkBitMap*) 0x000000005c19be30
 Begin Bits: [0x00000000126a0000, 0x00000000135e8000)
 End Bits:   [0x00000000135e8000, 0x0000000014530000)

Polling page: 0x00000000001f0000

CodeCache: size=245760Kb used=8669Kb max_used=8669Kb free=237090Kb
 bounds [0x0000000002ba0000, 0x0000000003420000, 0x0000000011ba0000]
 total_blobs=2576 nmethods=2171 adapters=325
 compilation: enabled

Compilation events (10 events):
Event: 11.151 Thread 0x0000000016f7b800 2305       3       java.util.HashMap::keySet (25 bytes)
Event: 11.151 Thread 0x0000000016f7b800 nmethod 2305 0x00000000034189d0 code [0x0000000003418b40, 0x0000000003418ed0]
Event: 11.154 Thread 0x0000000016f7b800 2306       3       java.lang.reflect.Method::getGenericParameterTypes (5 bytes)
Event: 11.156 Thread 0x0000000016f7b800 nmethod 2306 0x0000000003419090 code [0x00000000034192c0, 0x000000000341a048]
Event: 11.156 Thread 0x0000000016f7b800 2307       3       java.lang.reflect.Executable::getDeclaredAnnotations (8 bytes)
Event: 11.157 Thread 0x0000000016f7b800 nmethod 2307 0x000000000341aa50 code [0x000000000341abe0, 0x000000000341b068]
Event: 11.157 Thread 0x0000000016f7b800 2308       3       java.util.Arrays::binarySearch0 (95 bytes)
Event: 11.157 Thread 0x0000000016f7b800 nmethod 2308 0x000000000341b210 code [0x000000000341b3a0, 0x000000000341b818]
Event: 11.157 Thread 0x0000000016f7b800 2309       3       java.lang.reflect.Method::getDeclaredAnnotations (5 bytes)
Event: 11.158 Thread 0x0000000016f7b800 nmethod 2309 0x000000000341ba50 code [0x000000000341bc00, 0x000000000341c0c8]

GC Heap History (10 events):
Event: 6.222 GC heap before
{Heap before GC invocations=6 (full 0):
 PSYoungGen      total 34304K, used 34296K [0x00000000eba00000, 0x00000000f0100000, 0x0000000100000000)
  eden space 31744K, 100% used [0x00000000eba00000,0x00000000ed900000,0x00000000ed900000)
  from space 2560K, 99% used [0x00000000ed900000,0x00000000edb7e0f0,0x00000000edb80000)
  to   space 4608K, 0% used [0x00000000efc80000,0x00000000efc80000,0x00000000f0100000)
 ParOldGen       total 42496K, used 3474K [0x00000000c2e00000, 0x00000000c5780000, 0x00000000eba00000)
  object space 42496K, 8% used [0x00000000c2e00000,0x00000000c31649f0,0x00000000c5780000)
 Metaspace       used 13545K, capacity 13990K, committed 14080K, reserved 1060864K
  class space    used 1573K, capacity 1732K, committed 1792K, reserved 1048576K
Event: 6.239 GC heap after
Heap after GC invocations=6 (full 0):
 PSYoungGen      total 67584K, used 4437K [0x00000000eba00000, 0x00000000f0200000, 0x0000000100000000)
  eden space 62976K, 0% used [0x00000000eba00000,0x00000000eba00000,0x00000000ef780000)
  from space 4608K, 96% used [0x00000000efc80000,0x00000000f00d5690,0x00000000f0100000)
  to   space 5120K, 0% used [0x00000000ef780000,0x00000000ef780000,0x00000000efc80000)
 ParOldGen       total 42496K, used 3482K [0x00000000c2e00000, 0x00000000c5780000, 0x00000000eba00000)
  object space 42496K, 8% used [0x00000000c2e00000,0x00000000c31669f0,0x00000000c5780000)
 Metaspace       used 13545K, capacity 13990K, committed 14080K, reserved 1060864K
  class space    used 1573K, capacity 1732K, committed 1792K, reserved 1048576K
}
Event: 7.838 GC heap before
{Heap before GC invocations=7 (full 0):
 PSYoungGen      total 67584K, used 67413K [0x00000000eba00000, 0x00000000f0200000, 0x0000000100000000)
  eden space 62976K, 100% used [0x00000000eba00000,0x00000000ef780000,0x00000000ef780000)
  from space 4608K, 96% used [0x00000000efc80000,0x00000000f00d5690,0x00000000f0100000)
  to   space 5120K, 0% used [0x00000000ef780000,0x00000000ef780000,0x00000000efc80000)
 ParOldGen       total 42496K, used 3482K [0x00000000c2e00000, 0x00000000c5780000, 0x00000000eba00000)
  object space 42496K, 8% used [0x00000000c2e00000,0x00000000c31669f0,0x00000000c5780000)
 Metaspace       used 18500K, capacity 18996K, committed 19200K, reserved 1067008K
  class space    used 2330K, capacity 2451K, committed 2560K, reserved 1048576K
Event: 7.912 GC heap after
Heap after GC invocations=7 (full 0):
 PSYoungGen      total 68096K, used 5099K [0x00000000eba00000, 0x00000000f0200000, 0x0000000100000000)
  eden space 62976K, 0% used [0x00000000eba00000,0x00000000eba00000,0x00000000ef780000)
  from space 5120K, 99% used [0x00000000ef780000,0x00000000efc7adc8,0x00000000efc80000)
  to   space 4608K, 0% used [0x00000000efc80000,0x00000000efc80000,0x00000000f0100000)
 ParOldGen       total 42496K, used 5912K [0x00000000c2e00000, 0x00000000c5780000, 0x00000000eba00000)
  object space 42496K, 13% used [0x00000000c2e00000,0x00000000c33c6150,0x00000000c5780000)
 Metaspace       used 18500K, capacity 18996K, committed 19200K, reserved 1067008K
  class space    used 2330K, capacity 2451K, committed 2560K, reserved 1048576K
}
Event: 8.678 GC heap before
{Heap before GC invocations=8 (full 0):
 PSYoungGen      total 68096K, used 39744K [0x00000000eba00000, 0x00000000f0200000, 0x0000000100000000)
  eden space 62976K, 55% used [0x00000000eba00000,0x00000000edbd52b0,0x00000000ef780000)
  from space 5120K, 99% used [0x00000000ef780000,0x00000000efc7adc8,0x00000000efc80000)
  to   space 4608K, 0% used [0x00000000efc80000,0x00000000efc80000,0x00000000f0100000)
 ParOldGen       total 42496K, used 5912K [0x00000000c2e00000, 0x00000000c5780000, 0x00000000eba00000)
  object space 42496K, 13% used [0x00000000c2e00000,0x00000000c33c6150,0x00000000c5780000)
 Metaspace       used 20599K, capacity 21118K, committed 21296K, reserved 1069056K
  class space    used 2542K, capacity 2686K, committed 2688K, reserved 1048576K
Event: 8.707 GC heap after
Heap after GC invocations=8 (full 0):
 PSYoungGen      total 67584K, used 4582K [0x00000000eba00000, 0x00000000f0200000, 0x0000000100000000)
  eden space 62976K, 0% used [0x00000000eba00000,0x00000000eba00000,0x00000000ef780000)
  from space 4608K, 99% used [0x00000000efc80000,0x00000000f00f9860,0x00000000f0100000)
  to   space 5120K, 0% used [0x00000000ef780000,0x00000000ef780000,0x00000000efc80000)
 ParOldGen       total 42496K, used 6528K [0x00000000c2e00000, 0x00000000c5780000, 0x00000000eba00000)
  object space 42496K, 15% used [0x00000000c2e00000,0x00000000c3460060,0x00000000c5780000)
 Metaspace       used 20599K, capacity 21118K, committed 21296K, reserved 1069056K
  class space    used 2542K, capacity 2686K, committed 2688K, reserved 1048576K
}
Event: 8.707 GC heap before
{Heap before GC invocations=9 (full 1):
 PSYoungGen      total 67584K, used 4582K [0x00000000eba00000, 0x00000000f0200000, 0x0000000100000000)
  eden space 62976K, 0% used [0x00000000eba00000,0x00000000eba00000,0x00000000ef780000)
  from space 4608K, 99% used [0x00000000efc80000,0x00000000f00f9860,0x00000000f0100000)
  to   space 5120K, 0% used [0x00000000ef780000,0x00000000ef780000,0x00000000efc80000)
 ParOldGen       total 42496K, used 6528K [0x00000000c2e00000, 0x00000000c5780000, 0x00000000eba00000)
  object space 42496K, 15% used [0x00000000c2e00000,0x00000000c3460060,0x00000000c5780000)
 Metaspace       used 20599K, capacity 21118K, committed 21296K, reserved 1069056K
  class space    used 2542K, capacity 2686K, committed 2688K, reserved 1048576K
Event: 8.807 GC heap after
Heap after GC invocations=9 (full 1):
 PSYoungGen      total 67584K, used 0K [0x00000000eba00000, 0x00000000f0200000, 0x0000000100000000)
  eden space 62976K, 0% used [0x00000000eba00000,0x00000000eba00000,0x00000000ef780000)
  from space 4608K, 0% used [0x00000000efc80000,0x00000000efc80000,0x00000000f0100000)
  to   space 5120K, 0% used [0x00000000ef780000,0x00000000ef780000,0x00000000efc80000)
 ParOldGen       total 28160K, used 7343K [0x00000000c2e00000, 0x00000000c4980000, 0x00000000eba00000)
  object space 28160K, 26% used [0x00000000c2e00000,0x00000000c352be20,0x00000000c4980000)
 Metaspace       used 20599K, capacity 21118K, committed 21296K, reserved 1069056K
  class space    used 2542K, capacity 2686K, committed 2688K, reserved 1048576K
}
Event: 10.878 GC heap before
{Heap before GC invocations=10 (full 1):
 PSYoungGen      total 67584K, used 62976K [0x00000000eba00000, 0x00000000f0200000, 0x0000000100000000)
  eden space 62976K, 100% used [0x00000000eba00000,0x00000000ef780000,0x00000000ef780000)
  from space 4608K, 0% used [0x00000000efc80000,0x00000000efc80000,0x00000000f0100000)
  to   space 5120K, 0% used [0x00000000ef780000,0x00000000ef780000,0x00000000efc80000)
 ParOldGen       total 28160K, used 7343K [0x00000000c2e00000, 0x00000000c4980000, 0x00000000eba00000)
  object space 28160K, 26% used [0x00000000c2e00000,0x00000000c352be20,0x00000000c4980000)
 Metaspace       used 24751K, capacity 25382K, committed 25600K, reserved 1071104K
  class space    used 3105K, capacity 3274K, committed 3328K, reserved 1048576K
Event: 10.886 GC heap after
Heap after GC invocations=10 (full 1):
 PSYoungGen      total 68096K, used 4734K [0x00000000eba00000, 0x00000000f2600000, 0x0000000100000000)
  eden space 62976K, 0% used [0x00000000eba00000,0x00000000eba00000,0x00000000ef780000)
  from space 5120K, 92% used [0x00000000ef780000,0x00000000efc1fbc0,0x00000000efc80000)
  to   space 7168K, 0% used [0x00000000f1f00000,0x00000000f1f00000,0x00000000f2600000)
 ParOldGen       total 28160K, used 7351K [0x00000000c2e00000, 0x00000000c4980000, 0x00000000eba00000)
  object space 28160K, 26% used [0x00000000c2e00000,0x00000000c352de20,0x00000000c4980000)
 Metaspace       used 24751K, capacity 25382K, committed 25600K, reserved 1071104K
  class space    used 3105K, capacity 3274K, committed 3328K, reserved 1048576K
}

Deoptimization events (10 events):
Event: 11.075 Thread 0x00000000164b9800 Uncommon trap: reason=unhandled action=none pc=0x0000000002dd09c4 method=java.net.URLClassLoader.findClass(Ljava/lang/String;)Ljava/lang/Class; @ 44
Event: 11.076 Thread 0x00000000164b9800 Uncommon trap: reason=unhandled action=none pc=0x0000000002dd09c4 method=java.net.URLClassLoader.findClass(Ljava/lang/String;)Ljava/lang/Class; @ 44
Event: 11.101 Thread 0x000000001ae28800 Uncommon trap: reason=range_check action=none pc=0x0000000002fd0edc method=sun.reflect.generics.parser.SignatureParser.current()C @ 34
Event: 11.117 Thread 0x00000000164b9800 Uncommon trap: reason=unhandled action=none pc=0x0000000002dd09c4 method=java.net.URLClassLoader.findClass(Ljava/lang/String;)Ljava/lang/Class; @ 44
Event: 11.152 Thread 0x000000001ae28800 Uncommon trap: reason=range_check action=none pc=0x0000000002fd0edc method=sun.reflect.generics.parser.SignatureParser.current()C @ 34
Event: 11.152 Thread 0x00000000164b9800 Uncommon trap: reason=unhandled action=none pc=0x0000000002dd09c4 method=java.net.URLClassLoader.findClass(Ljava/lang/String;)Ljava/lang/Class; @ 44
Event: 11.153 Thread 0x00000000164b9800 Uncommon trap: reason=range_check action=none pc=0x0000000002fd0edc method=sun.reflect.generics.parser.SignatureParser.current()C @ 34
Event: 11.153 Thread 0x00000000164b9800 Uncommon trap: reason=range_check action=none pc=0x0000000002fd0edc method=sun.reflect.generics.parser.SignatureParser.current()C @ 34
Event: 11.158 Thread 0x00000000164b9800 Uncommon trap: reason=unhandled action=none pc=0x0000000002dd09c4 method=java.net.URLClassLoader.findClass(Ljava/lang/String;)Ljava/lang/Class; @ 44
Event: 11.161 Thread 0x00000000164b9800 Uncommon trap: reason=unhandled action=none pc=0x0000000002dd09c4 method=java.net.URLClassLoader.findClass(Ljava/lang/String;)Ljava/lang/Class; @ 44

Classes redefined (0 events):
No events

Internal exceptions (10 events):
Event: 9.721 Thread 0x000000001ae28800 Exception <a 'java/lang/IncompatibleClassChangeError': Found class java.lang.Object, but interface was expected> (0x00000000eddbc0b0) thrown at [C:\ade\jenkins\workspace\8-2-build-windows-amd64-cygwin\jdk8u241\331\hotspot\src\share\vm\interpreter\linkReso
Event: 9.983 Thread 0x00000000164b9800 Exception <a 'java/lang/NoSuchMethodError': java.lang.Object.lambda$comparing$77a9974f$1(Ljava/util/function/Function;Ljava/lang/Object;Ljava/lang/Object;)I> (0x00000000ee696de0) thrown at [C:\ade\jenkins\workspace\8-2-build-windows-amd64-cygwin\jdk8u241\
Event: 11.018 Thread 0x000000001ae28800 Exception <a 'java/lang/ArrayIndexOutOfBoundsException': 71> (0x00000000ebcd4e58) thrown at [C:\ade\jenkins\workspace\8-2-build-windows-amd64-cygwin\jdk8u241\331\hotspot\src\share\vm\interpreter\interpreterRuntime.cpp, line 368]
Event: 11.019 Thread 0x000000001ae28800 Exception <a 'java/lang/ArrayIndexOutOfBoundsException': 71> (0x00000000ebcd8860) thrown at [C:\ade\jenkins\workspace\8-2-build-windows-amd64-cygwin\jdk8u241\331\hotspot\src\share\vm\interpreter\interpreterRuntime.cpp, line 368]
Event: 11.045 Thread 0x000000001ae28800 Exception <a 'java/lang/ArrayIndexOutOfBoundsException': 55> (0x00000000ebd03508) thrown at [C:\ade\jenkins\workspace\8-2-build-windows-amd64-cygwin\jdk8u241\331\hotspot\src\share\vm\interpreter\interpreterRuntime.cpp, line 368]
Event: 11.045 Thread 0x000000001ae28800 Exception <a 'java/lang/ArrayIndexOutOfBoundsException': 38> (0x00000000ebd04db8) thrown at [C:\ade\jenkins\workspace\8-2-build-windows-amd64-cygwin\jdk8u241\331\hotspot\src\share\vm\interpreter\interpreterRuntime.cpp, line 368]
Event: 11.101 Thread 0x000000001ae28800 Exception <a 'java/lang/ArrayIndexOutOfBoundsException': 38> (0x00000000ebd33048) thrown at [C:\ade\jenkins\workspace\8-2-build-windows-amd64-cygwin\jdk8u241\331\hotspot\src\share\vm\interpreter\interpreterRuntime.cpp, line 368]
Event: 11.152 Thread 0x000000001ae28800 Exception <a 'java/lang/ArrayIndexOutOfBoundsException': 49> (0x00000000ebd47a88) thrown at [C:\ade\jenkins\workspace\8-2-build-windows-amd64-cygwin\jdk8u241\331\hotspot\src\share\vm\interpreter\interpreterRuntime.cpp, line 368]
Event: 11.153 Thread 0x00000000164b9800 Exception <a 'java/lang/ArrayIndexOutOfBoundsException': 119> (0x00000000ebe4f530) thrown at [C:\ade\jenkins\workspace\8-2-build-windows-amd64-cygwin\jdk8u241\331\hotspot\src\share\vm\interpreter\interpreterRuntime.cpp, line 368]
Event: 11.154 Thread 0x00000000164b9800 Exception <a 'java/lang/ArrayIndexOutOfBoundsException': 111> (0x00000000ebe50be0) thrown at [C:\ade\jenkins\workspace\8-2-build-windows-amd64-cygwin\jdk8u241\331\hotspot\src\share\vm\interpreter\interpreterRuntime.cpp, line 368]

Events (10 events):
Event: 11.158 loading class org/springframework/cache/annotation/CachingConfigurationSelector$1 done
Event: 11.158 Thread 0x00000000164b9800 Uncommon trap: trap_request=0xffffffa7 fr.pc=0x0000000002dd09c4
Event: 11.158 Thread 0x00000000164b9800 DEOPT PACKING pc=0x0000000002dd09c4 sp=0x0000000019f7d120
Event: 11.158 Thread 0x00000000164b9800 DEOPT UNPACKING pc=0x0000000002be583b sp=0x0000000019f7d018 mode 2
Event: 11.160 loading class sun/management/DiagnosticCommandImpl
Event: 11.161 loading class org/springframework/context/annotation/AutoProxyRegistrar
Event: 11.161 loading class org/springframework/context/annotation/AutoProxyRegistrar done
Event: 11.161 Thread 0x00000000164b9800 Uncommon trap: trap_request=0xffffffa7 fr.pc=0x0000000002dd09c4
Event: 11.161 Thread 0x00000000164b9800 DEOPT PACKING pc=0x0000000002dd09c4 sp=0x0000000019f7d200
Event: 11.161 Thread 0x00000000164b9800 DEOPT UNPACKING pc=0x0000000002be583b sp=0x0000000019f7d0f8 mode 2


Dynamic libraries:
0x00007ff6679b0000 - 0x00007ff6679e7000 	C:\Program Files\Java\jdk1.8.0_241\bin\javaw.exe
0x00007ffc8a7c0000 - 0x00007ffc8a9b0000 	C:\WINDOWS\SYSTEM32\ntdll.dll
0x00007ffc892f0000 - 0x00007ffc893a2000 	C:\WINDOWS\System32\KERNEL32.DLL
0x00007ffc87a20000 - 0x00007ffc87cc4000 	C:\WINDOWS\System32\KERNELBASE.dll
0x00007ffc88970000 - 0x00007ffc88a13000 	C:\WINDOWS\System32\ADVAPI32.dll
0x00007ffc88870000 - 0x00007ffc8890e000 	C:\WINDOWS\System32\msvcrt.dll
0x00007ffc896b0000 - 0x00007ffc89747000 	C:\WINDOWS\System32\sechost.dll
0x00007ffc89570000 - 0x00007ffc89690000 	C:\WINDOWS\System32\RPCRT4.dll
0x00007ffc89cb0000 - 0x00007ffc89e44000 	C:\WINDOWS\System32\USER32.dll
0x00007ffc88840000 - 0x00007ffc88861000 	C:\WINDOWS\System32\win32u.dll
0x00007ffc8a6d0000 - 0x00007ffc8a6f6000 	C:\WINDOWS\System32\GDI32.dll
0x00007ffc88610000 - 0x00007ffc887a4000 	C:\WINDOWS\System32\gdi32full.dll
0x00007ffc87980000 - 0x00007ffc87a1e000 	C:\WINDOWS\System32\msvcp_win.dll
0x00007ffc87880000 - 0x00007ffc8797a000 	C:\WINDOWS\System32\ucrtbase.dll
0x00007ffc71e60000 - 0x00007ffc720e4000 	C:\WINDOWS\WinSxS\amd64_microsoft.windows.common-controls_6595b64144ccf1df_6.0.18362.836_none_e6c4b943130f18ed\COMCTL32.dll
0x00007ffc88a90000 - 0x00007ffc88dc6000 	C:\WINDOWS\System32\combase.dll
0x00007ffc87750000 - 0x00007ffc877d0000 	C:\WINDOWS\System32\bcryptPrimitives.dll
0x00007ffc89e50000 - 0x00007ffc89e7e000 	C:\WINDOWS\System32\IMM32.DLL
0x000000005ee40000 - 0x000000005ef12000 	C:\Program Files\Java\jdk1.8.0_241\jre\bin\msvcr100.dll
0x000000005b970000 - 0x000000005c21c000 	C:\Program Files\Java\jdk1.8.0_241\jre\bin\server\jvm.dll
0x00007ffc896a0000 - 0x00007ffc896a8000 	C:\WINDOWS\System32\PSAPI.DLL
0x00007ffc84cd0000 - 0x00007ffc84cf4000 	C:\WINDOWS\SYSTEM32\WINMM.dll
0x00007ffc84ac0000 - 0x00007ffc84aed000 	C:\WINDOWS\SYSTEM32\WINMMBASE.dll
0x00007ffc87e20000 - 0x00007ffc87e6a000 	C:\WINDOWS\System32\cfgmgr32.dll
0x00007ffc78870000 - 0x00007ffc7887a000 	C:\WINDOWS\SYSTEM32\VERSION.dll
0x00007ffc85150000 - 0x00007ffc85159000 	C:\WINDOWS\SYSTEM32\WSOCK32.dll
0x00000000005d0000 - 0x000000000063f000 	C:\WINDOWS\System32\WS2_32.dll
0x00007ffc818a0000 - 0x00007ffc818af000 	C:\Program Files\Java\jdk1.8.0_241\jre\bin\verify.dll
0x00007ffc61c40000 - 0x00007ffc61c69000 	C:\Program Files\Java\jdk1.8.0_241\jre\bin\java.dll
0x00007ffc76900000 - 0x00007ffc76935000 	C:\Program Files\Java\jdk1.8.0_241\jre\bin\jdwp.dll
0x00007ffc7ddb0000 - 0x00007ffc7ddb8000 	C:\Program Files\Java\jdk1.8.0_241\jre\bin\npt.dll
0x00007ffc69600000 - 0x00007ffc69623000 	C:\Program Files\Java\jdk1.8.0_241\jre\bin\instrument.dll
0x00007ffc7ddd0000 - 0x00007ffc7dde6000 	C:\Program Files\Java\jdk1.8.0_241\jre\bin\zip.dll
0x00007ffc89fe0000 - 0x00007ffc8a6c4000 	C:\WINDOWS\System32\SHELL32.dll
0x00007ffc88dd0000 - 0x00007ffc88e79000 	C:\WINDOWS\System32\shcore.dll
0x00007ffc87e70000 - 0x00007ffc885ee000 	C:\WINDOWS\System32\windows.storage.dll
0x00007ffc876d0000 - 0x00007ffc876f3000 	C:\WINDOWS\System32\profapi.dll
0x00007ffc87700000 - 0x00007ffc8774a000 	C:\WINDOWS\System32\powrprof.dll
0x00007ffc87680000 - 0x00007ffc87690000 	C:\WINDOWS\System32\UMPDC.dll
0x00007ffc88a20000 - 0x00007ffc88a72000 	C:\WINDOWS\System32\shlwapi.dll
0x00007ffc87690000 - 0x00007ffc876a1000 	C:\WINDOWS\System32\kernel.appcore.dll
0x00007ffc885f0000 - 0x00007ffc88607000 	C:\WINDOWS\System32\cryptsp.dll
0x00007ffc7dda0000 - 0x00007ffc7dda9000 	C:\Program Files\Java\jdk1.8.0_241\jre\bin\dt_socket.dll
0x00007ffc6c950000 - 0x00007ffc6c966000 	C:\WINDOWS\system32\napinsp.dll
0x00007ffc6c930000 - 0x00007ffc6c94a000 	C:\WINDOWS\system32\pnrpnsp.dll
0x00007ffc86e90000 - 0x00007ffc86ef7000 	C:\WINDOWS\System32\mswsock.dll
0x00007ffc86be0000 - 0x00007ffc86cab000 	C:\WINDOWS\SYSTEM32\DNSAPI.dll
0x00007ffc89690000 - 0x00007ffc89698000 	C:\WINDOWS\System32\NSI.dll
0x00007ffc86ba0000 - 0x00007ffc86bda000 	C:\WINDOWS\SYSTEM32\IPHLPAPI.DLL
0x00007ffc6c9e0000 - 0x00007ffc6c9ee000 	C:\WINDOWS\System32\winrnr.dll
0x00007ffc83a00000 - 0x00007ffc83a1c000 	C:\WINDOWS\system32\NLAapi.dll
0x00007ffc6e4c0000 - 0x00007ffc6e4d5000 	C:\WINDOWS\system32\wshbth.dll
0x000000005f190000 - 0x000000005f1b6000 	C:\Program Files\Bonjour\mdnsNSP.dll
0x00007ffc7b9f0000 - 0x00007ffc7ba67000 	C:\WINDOWS\System32\fwpuclnt.dll
0x00007ffc88810000 - 0x00007ffc88836000 	C:\WINDOWS\System32\bcrypt.dll
0x00007ffc7a8b0000 - 0x00007ffc7a8ba000 	C:\Windows\System32\rasadhlp.dll
0x00007ffc7af70000 - 0x00007ffc7af7d000 	C:\Program Files\Java\jdk1.8.0_241\jre\bin\management.dll
0x00007ffc6d630000 - 0x00007ffc6d64a000 	C:\Program Files\Java\jdk1.8.0_241\jre\bin\net.dll
0x00007ffc61690000 - 0x00007ffc616a2000 	C:\Program Files\Java\jdk1.8.0_241\jre\bin\nio.dll

VM Arguments:
jvm_args: -agentlib:jdwp=transport=dt_socket,suspend=y,address=localhost:9345 -javaagent:D:\study_eclipse\eclipse\configuration\org.eclipse.osgi\411\0\.cp\lib\javaagent-shaded.jar -Dfile.encoding=UTF-8 
java_command: com.tdj.SpringBootDemo1.SpringBootDemo1Application
java_class_path (initial): D:\SpringBoot_repositories\tdj\SpringBootDemo1\target\classes;C:\Users\anai\.m2\repository\org\springframework\boot\spring-boot-starter-web\2.1.14.RELEASE\spring-boot-starter-web-2.1.14.RELEASE.jar;C:\Users\anai\.m2\repository\org\springframework\boot\spring-boot-starter\2.1.14.RELEASE\spring-boot-starter-2.1.14.RELEASE.jar;C:\Users\anai\.m2\repository\org\springframework\boot\spring-boot-starter-logging\2.1.14.RELEASE\spring-boot-starter-logging-2.1.14.RELEASE.jar;C:\Users\anai\.m2\repository\ch\qos\logback\logback-classic\1.2.3\logback-classic-1.2.3.jar;C:\Users\anai\.m2\repository\ch\qos\logback\logback-core\1.2.3\logback-core-1.2.3.jar;C:\Users\anai\.m2\repository\org\apache\logging\log4j\log4j-to-slf4j\2.11.2\log4j-to-slf4j-2.11.2.jar;C:\Users\anai\.m2\repository\org\apache\logging\log4j\log4j-api\2.11.2\log4j-api-2.11.2.jar;C:\Users\anai\.m2\repository\org\slf4j\jul-to-slf4j\1.7.30\jul-to-slf4j-1.7.30.jar;C:\Users\anai\.m2\repository\javax\annotation\javax.annotation-api\1.3.2\javax.annotation-api-1.3.2.jar;C:\Users\anai\.m2\repository\org\yaml\snakeyaml\1.23\snakeyaml-1.23.jar;C:\Users\anai\.m2\repository\org\springframework\boot\spring-boot-starter-json\2.1.14.RELEASE\spring-boot-starter-json-2.1.14.RELEASE.jar;C:\Users\anai\.m2\repository\com\fasterxml\jackson\core\jackson-databind\2.9.10.4\jackson-databind-2.9.10.4.jar;C:\Users\anai\.m2\repository\com\fasterxml\jackson\core\jackson-annotations\2.9.10\jackson-annotations-2.9.10.jar;C:\Users\anai\.m2\repository\com\fasterxml\jackson\core\jackson-core\2.9.10\jackson-core-2.9.10.jar;C:\Users\anai\.m2\repository\com\fasterxml\jackson\datatype\jackson-datatype-jdk8\2.9.10\jackson-datatype-jdk8-2.9.10.jar;C:\Users\anai\.m2\repository\com\fasterxml\jackson\datatype\jackson-datatype-jsr310\2.9.10\jackson-datatype-jsr310-2.9.10.jar;C:\Users\anai\.m2\repository\com\fasterxml\jackson\module\jackson-module-parameter-names\2.9.10\jackson-module-parameter-names-2.9.10.jar;C:\Users\anai\.m2\re
Launcher Type: SUN_STANDARD

Environment Variables:
JAVA_HOME=C:\Program Files\Java\jdk1.8.0_241
PATH=C:\Program Files\Java\jdk1.8.0_241\jre\bin;C:/Program Files/Java/jdk1.8.0_241/bin/../jre/bin/server;C:/Program Files/Java/jdk1.8.0_241/bin/../jre/bin;C:/Program Files/Java/jdk1.8.0_241/bin/../jre/lib/amd64;C:\Windows\system32;C:\Windows;C:\Windows\System32\Wbem;C:\Windows\System32\WindowsPowerShell\v1.0\;C:\WINDOWS\system32;C:\WINDOWS;C:\WINDOWS\System32\Wbem;C:\WINDOWS\System32\WindowsPowerShell\v1.0\;C:\WINDOWS\System32\OpenSSH\;C:\Program Files (x86)\MySQL\MySQL Server 5.5\bin;C:\Program Files (x86)\Windows Kits\8.1\Windows Performance Toolkit\;C:\Program Files\Git\cmd;C:\Program Files\Java\jdk1.8.0_241\bin;C:\Users\anai\AppData\Local\Microsoft\WindowsApps;C:\Users\anai\AppData\Local\Microsoft\WindowsApps;;D:\study_eclipse\eclipse;
USERNAME=anai
OS=Windows_NT
PROCESSOR_IDENTIFIER=Intel64 Family 6 Model 142 Stepping 9, GenuineIntel



---------------  S Y S T E M  ---------------

OS: Windows 10.0 , 64 bit Build 18362 (10.0.18362.778)

CPU:total 4 (initial active 4) (2 cores per cpu, 2 threads per core) family 6 model 142 stepping 9, cmov, cx8, fxsr, mmx, sse, sse2, sse3, ssse3, sse4.1, sse4.2, popcnt, avx, avx2, aes, clmul, erms, 3dnowpref, lzcnt, ht, tsc, tscinvbit, bmi1, bmi2, adx

Memory: 4k page, physical 3999244k(207312k free), swap 16057868k(5268k free)

vm_info: Java HotSpot(TM) 64-Bit Server VM (25.241-b07) for windows-amd64 JRE (1.8.0_241-b07), built on Dec 11 2019 10:21:40 by "rejava" with MS VC++ 10.0 (VS2010)

time: Thu Jun 11 16:48:03 2020
timezone: 中国标准时间
elapsed time: 11 seconds (0d 0h 0m 11s)

