#
# There is insufficient memory for the Java Runtime Environment to continue.
# Native memory allocation (malloc) failed to allocate 4959264 bytes for Chunk::new
# Possible reasons:
#   The system is out of physical RAM or swap space
#   The process is running with CompressedOops enabled, and the Java Heap may be blocking the growth of the native heap
# Possible solutions:
#   Reduce memory load on the system
#   Increase physical memory or swap space
#   Check if swap backing store is full
#   Decrease Java heap size (-Xmx/-Xms)
#   Decrease number of Java threads
#   Decrease Java thread stack sizes (-Xss)
#   Set larger code cache with -XX:ReservedCodeCacheSize=
#   JVM is running with Unscaled Compressed Oops mode in which the Java heap is
#     placed in the first 4GB address space. The Java Heap base address is the
#     maximum limit for the native heap growth. Please use -XX:HeapBaseMinAddress
#     to set the Java Heap base and to place the Java Heap above 4GB virtual address.
# This output file may be truncated or incomplete.
#
#  Out of Memory Error (allocation.cpp:389), pid=83368, tid=0x0000000000014dd0
#
# JRE version: Java(TM) SE Runtime Environment (8.0_241-b07) (build 1.8.0_241-b07)
# Java VM: Java HotSpot(TM) 64-Bit Server VM (25.241-b07 mixed mode windows-amd64 compressed oops)
# Failed to write core dump. Minidumps are not enabled by default on client versions of Windows
#

---------------  T H R E A D  ---------------

Current thread (0x0000000017194800):  JavaThread "C2 CompilerThread1" daemon [_thread_in_native, id=85456, stack(0x0000000017940000,0x0000000017a40000)]

Stack: [0x0000000017940000,0x0000000017a40000]
[error occurred during error reporting (printing stack bounds), id 0xc0000005]

Native frames: (J=compiled Java code, j=interpreted, Vv=VM code, C=native code)


Current CompileTask:
C2:   3526  459 %     4       org.eclipse.jdt.launching.internal.org.objectweb.asm.ClassReader::readCode @ 4586 (5089 bytes)


---------------  P R O C E S S  ---------------

Java Threads: ( => current thread )
  0x0000000016706800 JavaThread "restartedMain" [_thread_in_native, id=88384, stack(0x000000001c6e0000,0x000000001c7e0000)]
  0x00000000193a5000 JavaThread "Thread-0" [_thread_blocked, id=85084, stack(0x000000001b260000,0x000000001b360000)]
  0x00000000171a6000 JavaThread "Service Thread" daemon [_thread_blocked, id=71716, stack(0x0000000017b40000,0x0000000017c40000)]
  0x000000001719d800 JavaThread "C1 CompilerThread2" daemon [_thread_blocked, id=86852, stack(0x0000000017a40000,0x0000000017b40000)]
=>0x0000000017194800 JavaThread "C2 CompilerThread1" daemon [_thread_in_native, id=85456, stack(0x0000000017940000,0x0000000017a40000)]
  0x0000000017191800 JavaThread "C2 CompilerThread0" daemon [_thread_in_native, id=86396, stack(0x0000000017840000,0x0000000017940000)]
  0x0000000015311000 JavaThread "JDWP Command Reader" daemon [_thread_in_native, id=89172, stack(0x0000000016f40000,0x0000000017040000)]
  0x000000001530e000 JavaThread "JDWP Event Helper Thread" daemon [_thread_blocked, id=88304, stack(0x0000000016e40000,0x0000000016f40000)]
  0x0000000015302000 JavaThread "JDWP Transport Listener: dt_socket" daemon [_thread_blocked, id=81924, stack(0x0000000016d40000,0x0000000016e40000)]
  0x00000000152f7800 JavaThread "Attach Listener" daemon [_thread_blocked, id=89540, stack(0x0000000016b90000,0x0000000016c90000)]
  0x00000000152e4800 JavaThread "Signal Dispatcher" daemon [_thread_blocked, id=87644, stack(0x0000000016a90000,0x0000000016b90000)]
  0x0000000002c1b000 JavaThread "Finalizer" daemon [_thread_blocked, id=79116, stack(0x0000000016530000,0x0000000016630000)]
  0x0000000002c18000 JavaThread "Reference Handler" daemon [_thread_blocked, id=89100, stack(0x0000000016430000,0x0000000016530000)]
  0x0000000002b28000 JavaThread "main" [_thread_blocked, id=88540, stack(0x00000000029e0000,0x0000000002ae0000)]

Other Threads:
  0x0000000015297000 VMThread [stack: 0x0000000016330000,0x0000000016430000] [id=89936]
  0x00000000171a7000 WatcherThread [stack: 0x0000000017c40000,0x0000000017d40000] [id=89708]

VM state:not at safepoint (normal execution)

VM Mutex/Monitor currently owned by a thread: None

heap address: 0x00000000c2e00000, size: 978 MB, Compressed Oops mode: 32-bit
Narrow klass base: 0x0000000000000000, Narrow klass shift: 3
Compressed class space size: 1073741824 Address: 0x0000000100000000

Heap:
 PSYoungGen      total 34304K, used 19392K [0x00000000eba00000, 0x00000000ede00000, 0x0000000100000000)
  eden space 31744K, 53% used [0x00000000eba00000,0x00000000eca72230,0x00000000ed900000)
  from space 2560K, 99% used [0x00000000edb80000,0x00000000eddfde88,0x00000000ede00000)
  to   space 2560K, 0% used [0x00000000ed900000,0x00000000ed900000,0x00000000edb80000)
 ParOldGen       total 42496K, used 1670K [0x00000000c2e00000, 0x00000000c5780000, 0x00000000eba00000)
  object space 42496K, 3% used [0x00000000c2e00000,0x00000000c2fa19e0,0x00000000c5780000)
 Metaspace       used 9501K, capacity 9808K, committed 9856K, reserved 1058816K
  class space    used 1039K, capacity 1141K, committed 1152K, reserved 1048576K

Card table byte_map: [0x0000000012170000,0x0000000012360000] byte_map_base: 0x0000000011b59000

Marking Bits: (ParMarkBitMap*) 0x000000005c19be30
 Begin Bits: [0x00000000128b0000, 0x00000000137f8000)
 End Bits:   [0x00000000137f8000, 0x0000000014740000)

Polling page: 0x00000000009d0000

CodeCache: size=245760Kb used=4148Kb max_used=4156Kb free=241611Kb
 bounds [0x0000000002db0000, 0x00000000031d0000, 0x0000000011db0000]
 total_blobs=1246 nmethods=924 adapters=243
 compilation: enabled

Compilation events (10 events):
Event: 3.516 Thread 0x0000000017191800  917       4       org.eclipse.jdt.launching.internal.org.objectweb.asm.ByteVector::put122 (93 bytes)
Event: 3.517 Thread 0x000000001719d800  924       3       jdk.internal.org.objectweb.asm.AnnotationWriter::<init> (34 bytes)
Event: 3.518 Thread 0x000000001719d800 nmethod 924 0x00000000031b7b50 code [0x00000000031b7cc0, 0x00000000031b7f48]
Event: 3.518 Thread 0x000000001719d800  925       3       jdk.internal.org.objectweb.asm.AnnotationWriter::visitEnd (43 bytes)
Event: 3.518 Thread 0x000000001719d800 nmethod 925 0x00000000031b76d0 code [0x00000000031b7840, 0x00000000031b7a30]
Event: 3.518 Thread 0x000000001719d800  926       3       jdk.internal.org.objectweb.asm.Item::<init> (5 bytes)
Event: 3.518 Thread 0x000000001719d800 nmethod 926 0x00000000031bccd0 code [0x00000000031bce20, 0x00000000031bcfd0]
Event: 3.518 Thread 0x0000000017191800 nmethod 917 0x00000000031bc710 code [0x00000000031bc860, 0x00000000031bcb28]
Event: 3.520 Thread 0x000000001719d800  927       3       jdk.internal.org.objectweb.asm.MethodWriter::visitAnnotation (82 bytes)
Event: 3.521 Thread 0x000000001719d800 nmethod 927 0x00000000031bf350 code [0x00000000031bf520, 0x00000000031bfbf8]

GC Heap History (8 events):
Event: 2.283 GC heap before
{Heap before GC invocations=1 (full 0):
 PSYoungGen      total 18432K, used 15872K [0x00000000eba00000, 0x00000000ece80000, 0x0000000100000000)
  eden space 15872K, 100% used [0x00000000eba00000,0x00000000ec980000,0x00000000ec980000)
  from space 2560K, 0% used [0x00000000ecc00000,0x00000000ecc00000,0x00000000ece80000)
  to   space 2560K, 0% used [0x00000000ec980000,0x00000000ec980000,0x00000000ecc00000)
 ParOldGen       total 42496K, used 0K [0x00000000c2e00000, 0x00000000c5780000, 0x00000000eba00000)
  object space 42496K, 0% used [0x00000000c2e00000,0x00000000c2e00000,0x00000000c5780000)
 Metaspace       used 6178K, capacity 6274K, committed 6400K, reserved 1056768K
  class space    used 644K, capacity 689K, committed 768K, reserved 1048576K
Event: 2.288 GC heap after
Heap after GC invocations=1 (full 0):
 PSYoungGen      total 18432K, used 2521K [0x00000000eba00000, 0x00000000ece80000, 0x0000000100000000)
  eden space 15872K, 0% used [0x00000000eba00000,0x00000000eba00000,0x00000000ec980000)
  from space 2560K, 98% used [0x00000000ec980000,0x00000000ecbf6670,0x00000000ecc00000)
  to   space 2560K, 0% used [0x00000000ecc00000,0x00000000ecc00000,0x00000000ece80000)
 ParOldGen       total 42496K, used 8K [0x00000000c2e00000, 0x00000000c5780000, 0x00000000eba00000)
  object space 42496K, 0% used [0x00000000c2e00000,0x00000000c2e02000,0x00000000c5780000)
 Metaspace       used 6178K, capacity 6274K, committed 6400K, reserved 1056768K
  class space    used 644K, capacity 689K, committed 768K, reserved 1048576K
}
Event: 2.867 GC heap before
{Heap before GC invocations=2 (full 0):
 PSYoungGen      total 18432K, used 18393K [0x00000000eba00000, 0x00000000ece80000, 0x0000000100000000)
  eden space 15872K, 100% used [0x00000000eba00000,0x00000000ec980000,0x00000000ec980000)
  from space 2560K, 98% used [0x00000000ec980000,0x00000000ecbf6670,0x00000000ecc00000)
  to   space 2560K, 0% used [0x00000000ecc00000,0x00000000ecc00000,0x00000000ece80000)
 ParOldGen       total 42496K, used 8K [0x00000000c2e00000, 0x00000000c5780000, 0x00000000eba00000)
  object space 42496K, 0% used [0x00000000c2e00000,0x00000000c2e02000,0x00000000c5780000)
 Metaspace       used 8729K, capacity 8920K, committed 8960K, reserved 1056768K
  class space    used 927K, capacity 996K, committed 1024K, reserved 1048576K
Event: 2.874 GC heap after
Heap after GC invocations=2 (full 0):
 PSYoungGen      total 18432K, used 2528K [0x00000000eba00000, 0x00000000ece80000, 0x0000000100000000)
  eden space 15872K, 0% used [0x00000000eba00000,0x00000000eba00000,0x00000000ec980000)
  from space 2560K, 98% used [0x00000000ecc00000,0x00000000ece780d8,0x00000000ece80000)
  to   space 2560K, 0% used [0x00000000ec980000,0x00000000ec980000,0x00000000ecc00000)
 ParOldGen       total 42496K, used 663K [0x00000000c2e00000, 0x00000000c5780000, 0x00000000eba00000)
  object space 42496K, 1% used [0x00000000c2e00000,0x00000000c2ea5c48,0x00000000c5780000)
 Metaspace       used 8729K, capacity 8920K, committed 8960K, reserved 1056768K
  class space    used 927K, capacity 996K, committed 1024K, reserved 1048576K
}
Event: 3.138 GC heap before
{Heap before GC invocations=3 (full 0):
 PSYoungGen      total 18432K, used 18388K [0x00000000eba00000, 0x00000000ece80000, 0x0000000100000000)
  eden space 15872K, 99% used [0x00000000eba00000,0x00000000ec97d2c8,0x00000000ec980000)
  from space 2560K, 98% used [0x00000000ecc00000,0x00000000ece780d8,0x00000000ece80000)
  to   space 2560K, 0% used [0x00000000ec980000,0x00000000ec980000,0x00000000ecc00000)
 ParOldGen       total 42496K, used 663K [0x00000000c2e00000, 0x00000000c5780000, 0x00000000eba00000)
  object space 42496K, 1% used [0x00000000c2e00000,0x00000000c2ea5c48,0x00000000c5780000)
 Metaspace       used 9152K, capacity 9400K, committed 9600K, reserved 1058816K
  class space    used 983K, capacity 1028K, committed 1152K, reserved 1048576K
Event: 3.157 GC heap after
Heap after GC invocations=3 (full 0):
 PSYoungGen      total 18432K, used 2551K [0x00000000eba00000, 0x00000000ede00000, 0x0000000100000000)
  eden space 15872K, 0% used [0x00000000eba00000,0x00000000eba00000,0x00000000ec980000)
  from space 2560K, 99% used [0x00000000ec980000,0x00000000ecbfdc78,0x00000000ecc00000)
  to   space 2560K, 0% used [0x00000000edb80000,0x00000000edb80000,0x00000000ede00000)
 ParOldGen       total 42496K, used 1638K [0x00000000c2e00000, 0x00000000c5780000, 0x00000000eba00000)
  object space 42496K, 3% used [0x00000000c2e00000,0x00000000c2f999e0,0x00000000c5780000)
 Metaspace       used 9152K, capacity 9400K, committed 9600K, reserved 1058816K
  class space    used 983K, capacity 1028K, committed 1152K, reserved 1048576K
}
Event: 3.184 GC heap before
{Heap before GC invocations=4 (full 0):
 PSYoungGen      total 18432K, used 18392K [0x00000000eba00000, 0x00000000ede00000, 0x0000000100000000)
  eden space 15872K, 99% used [0x00000000eba00000,0x00000000ec978738,0x00000000ec980000)
  from space 2560K, 99% used [0x00000000ec980000,0x00000000ecbfdc78,0x00000000ecc00000)
  to   space 2560K, 0% used [0x00000000edb80000,0x00000000edb80000,0x00000000ede00000)
 ParOldGen       total 42496K, used 1638K [0x00000000c2e00000, 0x00000000c5780000, 0x00000000eba00000)
  object space 42496K, 3% used [0x00000000c2e00000,0x00000000c2f999e0,0x00000000c5780000)
 Metaspace       used 9152K, capacity 9400K, committed 9600K, reserved 1058816K
  class space    used 983K, capacity 1028K, committed 1152K, reserved 1048576K
Event: 3.198 GC heap after
Heap after GC invocations=4 (full 0):
 PSYoungGen      total 34304K, used 2551K [0x00000000eba00000, 0x00000000ede00000, 0x0000000100000000)
  eden space 31744K, 0% used [0x00000000eba00000,0x00000000eba00000,0x00000000ed900000)
  from space 2560K, 99% used [0x00000000edb80000,0x00000000eddfde88,0x00000000ede00000)
  to   space 2560K, 0% used [0x00000000ed900000,0x00000000ed900000,0x00000000edb80000)
 ParOldGen       total 42496K, used 1670K [0x00000000c2e00000, 0x00000000c5780000, 0x00000000eba00000)
  object space 42496K, 3% used [0x00000000c2e00000,0x00000000c2fa19e0,0x00000000c5780000)
 Metaspace       used 9152K, capacity 9400K, committed 9600K, reserved 1058816K
  class space    used 983K, capacity 1028K, committed 1152K, reserved 1048576K
}

Deoptimization events (5 events):
Event: 2.233 Thread 0x0000000002b28000 Uncommon trap: reason=unstable_if action=reinterpret pc=0x0000000003001610 method=sun.misc.MetaIndex.mayContain(Ljava/lang/String;)Z @ 13
Event: 2.325 Thread 0x0000000002b28000 Uncommon trap: reason=unstable_if action=reinterpret pc=0x0000000002f5c7a0 method=org.eclipse.jdt.launching.internal.org.objectweb.asm.ClassReader.readUtf(II[C)Ljava/lang/String; @ 41
Event: 2.325 Thread 0x0000000002b28000 Uncommon trap: reason=unstable_if action=reinterpret pc=0x0000000002fb0608 method=org.eclipse.jdt.launching.internal.org.objectweb.asm.ByteVector.putUTF8(Ljava/lang/String;)Lorg/eclipse/jdt/launching/internal/org/objectweb/asm/ByteVector; @ 100
Event: 2.325 Thread 0x0000000002b28000 Uncommon trap: reason=unstable_if action=reinterpret pc=0x0000000002f5896c method=org.eclipse.jdt.launching.internal.org.objectweb.asm.ByteVector.putUTF8(Ljava/lang/String;)Lorg/eclipse/jdt/launching/internal/org/objectweb/asm/ByteVector; @ 100
Event: 3.443 Thread 0x0000000016706800 Uncommon trap: reason=class_check action=maybe_recompile pc=0x0000000002feb638 method=sun.misc.URLClassPath.getLoader(I)Lsun/misc/URLClassPath$Loader; @ 94

Classes redefined (0 events):
No events

Internal exceptions (10 events):
Event: 3.015 Thread 0x0000000002b28000 Exception <a 'java/lang/ArrayIndexOutOfBoundsException'> (0x00000000ebd4b278) thrown at [C:\ade\jenkins\workspace\8-2-build-windows-amd64-cygwin\jdk8u241\331\hotspot\src\share\vm\runtime\sharedRuntime.cpp, line 605]
Event: 3.015 Thread 0x0000000002b28000 Exception <a 'java/lang/ArrayIndexOutOfBoundsException'> (0x00000000ebd4d340) thrown at [C:\ade\jenkins\workspace\8-2-build-windows-amd64-cygwin\jdk8u241\331\hotspot\src\share\vm\runtime\sharedRuntime.cpp, line 605]
Event: 3.015 Thread 0x0000000002b28000 Exception <a 'java/lang/ArrayIndexOutOfBoundsException'> (0x00000000ebd4eef8) thrown at [C:\ade\jenkins\workspace\8-2-build-windows-amd64-cygwin\jdk8u241\331\hotspot\src\share\vm\runtime\sharedRuntime.cpp, line 605]
Event: 3.016 Thread 0x0000000002b28000 Exception <a 'java/lang/ArrayIndexOutOfBoundsException'> (0x00000000ebd50c08) thrown at [C:\ade\jenkins\workspace\8-2-build-windows-amd64-cygwin\jdk8u241\331\hotspot\src\share\vm\runtime\sharedRuntime.cpp, line 605]
Event: 3.016 Thread 0x0000000002b28000 Exception <a 'java/lang/ArrayIndexOutOfBoundsException'> (0x00000000ebd533b8) thrown at [C:\ade\jenkins\workspace\8-2-build-windows-amd64-cygwin\jdk8u241\331\hotspot\src\share\vm\runtime\sharedRuntime.cpp, line 605]
Event: 3.017 Thread 0x0000000002b28000 Exception <a 'java/lang/ArrayIndexOutOfBoundsException'> (0x00000000ebd63d88) thrown at [C:\ade\jenkins\workspace\8-2-build-windows-amd64-cygwin\jdk8u241\331\hotspot\src\share\vm\runtime\sharedRuntime.cpp, line 605]
Event: 3.018 Thread 0x0000000002b28000 Exception <a 'java/lang/ArrayIndexOutOfBoundsException'> (0x00000000ebd656e8) thrown at [C:\ade\jenkins\workspace\8-2-build-windows-amd64-cygwin\jdk8u241\331\hotspot\src\share\vm\runtime\sharedRuntime.cpp, line 605]
Event: 3.019 Thread 0x0000000002b28000 Exception <a 'java/lang/ArrayIndexOutOfBoundsException'> (0x00000000ebd70080) thrown at [C:\ade\jenkins\workspace\8-2-build-windows-amd64-cygwin\jdk8u241\331\hotspot\src\share\vm\runtime\sharedRuntime.cpp, line 605]
Event: 3.019 Thread 0x0000000002b28000 Exception <a 'java/lang/ArrayIndexOutOfBoundsException'> (0x00000000ebd71c20) thrown at [C:\ade\jenkins\workspace\8-2-build-windows-amd64-cygwin\jdk8u241\331\hotspot\src\share\vm\runtime\sharedRuntime.cpp, line 605]
Event: 3.431 Thread 0x00000000193a5000 Exception <a 'java/lang/NoSuchMethodError': java.lang.Object.lambda$static$0(Ljava/lang/Throwable;)Lorg/springframework/boot/devtools/restart/FailureHandler$Outcome;> (0x00000000ec7253b8) thrown at [C:\ade\jenkins\workspace\8-2-build-windows-amd64-cygwin\

Events (10 events):
Event: 3.521 Thread 0x0000000016706800 DEOPT PACKING pc=0x0000000003022041 sp=0x000000001c7dd720
Event: 3.521 Thread 0x0000000016706800 DEOPT UNPACKING pc=0x0000000002df7890 sp=0x000000001c7dd480 mode 1
Event: 3.521 loading class org/springframework/boot/logging/logback/LogbackLoggingSystem
Event: 3.521 loading class org/springframework/boot/logging/logback/LogbackLoggingSystem done
Event: 3.521 Thread 0x0000000016706800 DEOPT PACKING pc=0x0000000003022041 sp=0x000000001c7dd370
Event: 3.521 Thread 0x0000000016706800 DEOPT UNPACKING pc=0x0000000002df7890 sp=0x000000001c7dd0c0 mode 1
Event: 3.521 Thread 0x0000000016706800 DEOPT PACKING pc=0x00000000030067fc sp=0x000000001c7dd3f0
Event: 3.521 Thread 0x0000000016706800 DEOPT UNPACKING pc=0x0000000002df7890 sp=0x000000001c7dd210 mode 1
Event: 3.521 Thread 0x0000000016706800 DEOPT PACKING pc=0x0000000003006594 sp=0x000000001c7dd580
Event: 3.521 Thread 0x0000000016706800 DEOPT UNPACKING pc=0x0000000002df7890 sp=0x000000001c7dd3a0 mode 1


Dynamic libraries:
0x00007ff6679b0000 - 0x00007ff6679e7000 	C:\Program Files\Java\jdk1.8.0_241\bin\javaw.exe
0x00007ffc8a7c0000 - 0x00007ffc8a9b0000 	C:\WINDOWS\SYSTEM32\ntdll.dll
0x00007ffc892f0000 - 0x00007ffc893a2000 	C:\WINDOWS\System32\KERNEL32.DLL
0x00007ffc87a20000 - 0x00007ffc87cc4000 	C:\WINDOWS\System32\KERNELBASE.dll
0x00007ffc88970000 - 0x00007ffc88a13000 	C:\WINDOWS\System32\ADVAPI32.dll
0x00007ffc88870000 - 0x00007ffc8890e000 	C:\WINDOWS\System32\msvcrt.dll
0x00007ffc896b0000 - 0x00007ffc89747000 	C:\WINDOWS\System32\sechost.dll
0x00007ffc89570000 - 0x00007ffc89690000 	C:\WINDOWS\System32\RPCRT4.dll
0x00007ffc89cb0000 - 0x00007ffc89e44000 	C:\WINDOWS\System32\USER32.dll
0x00007ffc88840000 - 0x00007ffc88861000 	C:\WINDOWS\System32\win32u.dll
0x00007ffc8a6d0000 - 0x00007ffc8a6f6000 	C:\WINDOWS\System32\GDI32.dll
0x00007ffc88610000 - 0x00007ffc887a4000 	C:\WINDOWS\System32\gdi32full.dll
0x00007ffc87980000 - 0x00007ffc87a1e000 	C:\WINDOWS\System32\msvcp_win.dll
0x00007ffc87880000 - 0x00007ffc8797a000 	C:\WINDOWS\System32\ucrtbase.dll
0x00007ffc71e60000 - 0x00007ffc720e4000 	C:\WINDOWS\WinSxS\amd64_microsoft.windows.common-controls_6595b64144ccf1df_6.0.18362.836_none_e6c4b943130f18ed\COMCTL32.dll
0x00007ffc88a90000 - 0x00007ffc88dc6000 	C:\WINDOWS\System32\combase.dll
0x00007ffc87750000 - 0x00007ffc877d0000 	C:\WINDOWS\System32\bcryptPrimitives.dll
0x00007ffc89e50000 - 0x00007ffc89e7e000 	C:\WINDOWS\System32\IMM32.DLL
0x000000005ee40000 - 0x000000005ef12000 	C:\Program Files\Java\jdk1.8.0_241\jre\bin\msvcr100.dll
0x000000005b970000 - 0x000000005c21c000 	C:\Program Files\Java\jdk1.8.0_241\jre\bin\server\jvm.dll
0x00007ffc896a0000 - 0x00007ffc896a8000 	C:\WINDOWS\System32\PSAPI.DLL
0x00007ffc78870000 - 0x00007ffc7887a000 	C:\WINDOWS\SYSTEM32\VERSION.dll
0x00007ffc85150000 - 0x00007ffc85159000 	C:\WINDOWS\SYSTEM32\WSOCK32.dll
0x00007ffc84cd0000 - 0x00007ffc84cf4000 	C:\WINDOWS\SYSTEM32\WINMM.dll
0x00007ffc899e0000 - 0x00007ffc89a4f000 	C:\WINDOWS\System32\WS2_32.dll
0x00007ffc84ac0000 - 0x00007ffc84aed000 	C:\WINDOWS\SYSTEM32\winmmbase.dll
0x00007ffc87e20000 - 0x00007ffc87e6a000 	C:\WINDOWS\System32\cfgmgr32.dll
0x00007ffc818a0000 - 0x00007ffc818af000 	C:\Program Files\Java\jdk1.8.0_241\jre\bin\verify.dll
0x00007ffc61c40000 - 0x00007ffc61c69000 	C:\Program Files\Java\jdk1.8.0_241\jre\bin\java.dll
0x00007ffc68fe0000 - 0x00007ffc69015000 	C:\Program Files\Java\jdk1.8.0_241\jre\bin\jdwp.dll
0x00007ffc7ddb0000 - 0x00007ffc7ddb8000 	C:\Program Files\Java\jdk1.8.0_241\jre\bin\npt.dll
0x00007ffc68c80000 - 0x00007ffc68ca3000 	C:\Program Files\Java\jdk1.8.0_241\jre\bin\instrument.dll
0x00007ffc7ddd0000 - 0x00007ffc7dde6000 	C:\Program Files\Java\jdk1.8.0_241\jre\bin\zip.dll
0x00007ffc89fe0000 - 0x00007ffc8a6c4000 	C:\WINDOWS\System32\SHELL32.dll
0x00007ffc88dd0000 - 0x00007ffc88e79000 	C:\WINDOWS\System32\shcore.dll
0x00007ffc87e70000 - 0x00007ffc885ee000 	C:\WINDOWS\System32\windows.storage.dll
0x00007ffc876d0000 - 0x00007ffc876f3000 	C:\WINDOWS\System32\profapi.dll
0x00007ffc87700000 - 0x00007ffc8774a000 	C:\WINDOWS\System32\powrprof.dll
0x00007ffc87680000 - 0x00007ffc87690000 	C:\WINDOWS\System32\UMPDC.dll
0x00007ffc88a20000 - 0x00007ffc88a72000 	C:\WINDOWS\System32\shlwapi.dll
0x00007ffc87690000 - 0x00007ffc876a1000 	C:\WINDOWS\System32\kernel.appcore.dll
0x00007ffc885f0000 - 0x00007ffc88607000 	C:\WINDOWS\System32\cryptsp.dll
0x00007ffc7dda0000 - 0x00007ffc7dda9000 	C:\Program Files\Java\jdk1.8.0_241\jre\bin\dt_socket.dll
0x00007ffc6c950000 - 0x00007ffc6c966000 	C:\WINDOWS\system32\napinsp.dll
0x00007ffc6c930000 - 0x00007ffc6c94a000 	C:\WINDOWS\system32\pnrpnsp.dll
0x00007ffc86e90000 - 0x00007ffc86ef7000 	C:\WINDOWS\System32\mswsock.dll
0x00007ffc86be0000 - 0x00007ffc86cab000 	C:\WINDOWS\SYSTEM32\DNSAPI.dll
0x00007ffc89690000 - 0x00007ffc89698000 	C:\WINDOWS\System32\NSI.dll
0x00007ffc86ba0000 - 0x00007ffc86bda000 	C:\WINDOWS\SYSTEM32\IPHLPAPI.DLL
0x00007ffc6c9e0000 - 0x00007ffc6c9ee000 	C:\WINDOWS\System32\winrnr.dll
0x00007ffc83a00000 - 0x00007ffc83a1c000 	C:\WINDOWS\system32\NLAapi.dll
0x00007ffc6e4c0000 - 0x00007ffc6e4d5000 	C:\WINDOWS\system32\wshbth.dll
0x000000005f190000 - 0x000000005f1b6000 	C:\Program Files\Bonjour\mdnsNSP.dll
0x00007ffc7b9f0000 - 0x00007ffc7ba67000 	C:\WINDOWS\System32\fwpuclnt.dll
0x00007ffc88810000 - 0x00007ffc88836000 	C:\WINDOWS\System32\bcrypt.dll
0x00007ffc7a8b0000 - 0x00007ffc7a8ba000 	C:\Windows\System32\rasadhlp.dll

VM Arguments:
jvm_args: -agentlib:jdwp=transport=dt_socket,suspend=y,address=localhost:9358 -javaagent:D:\study_eclipse\eclipse\configuration\org.eclipse.osgi\411\0\.cp\lib\javaagent-shaded.jar -Dfile.encoding=UTF-8 
java_command: com.tdj.SpringBootDemo1.SpringBootDemo1Application
java_class_path (initial): D:\SpringBoot_repositories\tdj\SpringBootDemo1\target\classes;C:\Users\anai\.m2\repository\org\springframework\boot\spring-boot-starter-web\2.1.14.RELEASE\spring-boot-starter-web-2.1.14.RELEASE.jar;C:\Users\anai\.m2\repository\org\springframework\boot\spring-boot-starter\2.1.14.RELEASE\spring-boot-starter-2.1.14.RELEASE.jar;C:\Users\anai\.m2\repository\org\springframework\boot\spring-boot-starter-logging\2.1.14.RELEASE\spring-boot-starter-logging-2.1.14.RELEASE.jar;C:\Users\anai\.m2\repository\ch\qos\logback\logback-classic\1.2.3\logback-classic-1.2.3.jar;C:\Users\anai\.m2\repository\ch\qos\logback\logback-core\1.2.3\logback-core-1.2.3.jar;C:\Users\anai\.m2\repository\org\apache\logging\log4j\log4j-to-slf4j\2.11.2\log4j-to-slf4j-2.11.2.jar;C:\Users\anai\.m2\repository\org\apache\logging\log4j\log4j-api\2.11.2\log4j-api-2.11.2.jar;C:\Users\anai\.m2\repository\org\slf4j\jul-to-slf4j\1.7.30\jul-to-slf4j-1.7.30.jar;C:\Users\anai\.m2\repository\javax\annotation\javax.annotation-api\1.3.2\javax.annotation-api-1.3.2.jar;C:\Users\anai\.m2\repository\org\yaml\snakeyaml\1.23\snakeyaml-1.23.jar;C:\Users\anai\.m2\repository\org\springframework\boot\spring-boot-starter-json\2.1.14.RELEASE\spring-boot-starter-json-2.1.14.RELEASE.jar;C:\Users\anai\.m2\repository\com\fasterxml\jackson\core\jackson-databind\2.9.10.4\jackson-databind-2.9.10.4.jar;C:\Users\anai\.m2\repository\com\fasterxml\jackson\core\jackson-annotations\2.9.10\jackson-annotations-2.9.10.jar;C:\Users\anai\.m2\repository\com\fasterxml\jackson\core\jackson-core\2.9.10\jackson-core-2.9.10.jar;C:\Users\anai\.m2\repository\com\fasterxml\jackson\datatype\jackson-datatype-jdk8\2.9.10\jackson-datatype-jdk8-2.9.10.jar;C:\Users\anai\.m2\repository\com\fasterxml\jackson\datatype\jackson-datatype-jsr310\2.9.10\jackson-datatype-jsr310-2.9.10.jar;C:\Users\anai\.m2\repository\com\fasterxml\jackson\module\jackson-module-parameter-names\2.9.10\jackson-module-parameter-names-2.9.10.jar;C:\Users\anai\.m2\re
Launcher Type: SUN_STANDARD

Environment Variables:
JAVA_HOME=C:\Program Files\Java\jdk1.8.0_241
PATH=C:\Program Files\Java\jdk1.8.0_241\jre\bin;C:/Program Files/Java/jdk1.8.0_241/bin/../jre/bin/server;C:/Program Files/Java/jdk1.8.0_241/bin/../jre/bin;C:/Program Files/Java/jdk1.8.0_241/bin/../jre/lib/amd64;C:\Windows\system32;C:\Windows;C:\Windows\System32\Wbem;C:\Windows\System32\WindowsPowerShell\v1.0\;C:\WINDOWS\system32;C:\WINDOWS;C:\WINDOWS\System32\Wbem;C:\WINDOWS\System32\WindowsPowerShell\v1.0\;C:\WINDOWS\System32\OpenSSH\;C:\Program Files (x86)\MySQL\MySQL Server 5.5\bin;C:\Program Files (x86)\Windows Kits\8.1\Windows Performance Toolkit\;C:\Program Files\Git\cmd;C:\Program Files\Java\jdk1.8.0_241\bin;C:\Users\anai\AppData\Local\Microsoft\WindowsApps;C:\Users\anai\AppData\Local\Microsoft\WindowsApps;;D:\study_eclipse\eclipse;
USERNAME=anai
OS=Windows_NT
PROCESSOR_IDENTIFIER=Intel64 Family 6 Model 142 Stepping 9, GenuineIntel



---------------  S Y S T E M  ---------------

OS: Windows 10.0 , 64 bit Build 18362 (10.0.18362.778)

CPU:total 4 (initial active 4) (2 cores per cpu, 2 threads per core) family 6 model 142 stepping 9, cmov, cx8, fxsr, mmx, sse, sse2, sse3, ssse3, sse4.1, sse4.2, popcnt, avx, avx2, aes, clmul, erms, 3dnowpref, lzcnt, ht, tsc, tscinvbit, bmi1, bmi2, adx

Memory: 4k page, physical 3999244k(335988k free), swap 16057868k(8488k free)

vm_info: Java HotSpot(TM) 64-Bit Server VM (25.241-b07) for windows-amd64 JRE (1.8.0_241-b07), built on Dec 11 2019 10:21:40 by "rejava" with MS VC++ 10.0 (VS2010)

time: Thu Jun 11 16:48:39 2020
timezone: 中国标准时间
elapsed time: 3 seconds (0d 0h 0m 3s)

